[2018-09-30 10:21:33,204][MainThread:140735941919616][task_id:__main__][test_logging.py:71][DEBUG][sssss]
[2018-09-30 10:22:16,579][MainThread:140735941919616][task_id:__main__][test_logging.py:71][DEBUG][sssss]
[2018-09-30 10:24:47,993][MainThread:140735941919616][task_id:__main__][test_logging.py:72][DEBUG][sssss]
[2018-09-30 10:31:58,098][MainThread:140735941919616][task_id:__main__][test_logging.py:72][INFO][sssss]
[2018-09-30 10:32:33,052][MainThread:140735941919616][task_id:__main__][test_logging.py:77][DEBUG][sssss]
[2018-09-30 10:42:25,627][MainThread:140735941919616][task_id:__main__][test_logging.py:72][INFO][sssss]
[2018-09-30 10:48:28,213][MainThread:140735941919616][task_id:__main__][test_logging.py:72][INFO][sssss]
[2018-09-30 10:48:36,684][MainThread:140735941919616][task_id:__main__][test_logging.py:72][INFO][sssss]
[2018-09-30 10:49:23,974][MainThread:140735941919616][task_id:__main__][test_logging.py:72][INFO][sssss]
[2018-09-30 10:50:40,175][MainThread:140735941919616][task_id:__main__][test_logging.py:72][INFO][sssss]
[2018-09-30 10:50:55,169][MainThread:140735941919616][task_id:__main__][test_logging.py:72][INFO][sssss]
[2018-09-30 10:51:38,215][MainThread:140735941919616][task_id:__main__][test_logging.py:72][INFO][sssss]
[2018-09-30 10:51:52,181][MainThread:140735941919616][task_id:__main__][test_logging.py:72][INFO][sssss]
[2018-09-30 10:52:01,732][MainThread:140735941919616][task_id:__main__][test_logging.py:72][INFO][sssss]
[2018-09-30 10:52:06,558][MainThread:140735941919616][task_id:__main__][test_logging.py:72][INFO][sssss]
[2018-09-30 10:55:37,868][MainThread:140735941919616][task_id:__main__][test_logging.py:73][INFO][aasssss]
[2018-09-30 10:56:00,467][MainThread:140735941919616][task_id:__main__][test_logging.py:73][INFO][79sssss]
[2018-09-30 11:00:42,259][MainThread:140735941919616][task_id:__main__][test_logging.py:73][INFO][[79]sssss]
[2018-09-30 13:40:02,675][MainThread:140735941919616][task_id:aaa][test_logging.py:75][INFO][[82]sssss]
[2018-09-30 13:55:46,405][MainThread:140735941919616][task_id:__main__][test_logging.py:73][INFO][[80]sssss]
[2018-09-30 14:07:56,809][MainThread:140735941919616][task_id:aaa][test_logging.py:74][INFO][[81]sssss]
[2018-09-30 14:08:51,330][MainThread:140735941919616][task_id:aaa][test_logging.py:74][INFO][[79]sssss]
[2018-09-30 14:08:51,332][MainThread:140735941919616][task_id:bbb][test_logging.py:74][INFO][[82]sssss]
[2018-09-30 14:10:53,100][MainThread:140735941919616][task_id:aaa][test_logging.py:75][INFO][75sssss]
[2018-09-30 14:10:53,101][MainThread:140735941919616][task_id:bbb][test_logging.py:75][INFO][75sssss]
[2018-09-30 14:15:02,328][MainThread:140735941919616][task_id:aaa][test_logging.py:74][INFO][[78]sssss]
[2018-09-30 14:15:02,329][MainThread:140735941919616][task_id:bbb][test_logging.py:74][INFO][[81]sssss]
[2018-09-30 14:20:51,342][MainThread:140735941919616][task_id:aaa][test_logging.py:73][INFO][[77]sssss]
[2018-09-30 14:20:51,344][MainThread:140735941919616][task_id:bbb][test_logging.py:73][INFO][[80]sssss]
[2018-09-30 14:23:37,983][MainThread:140735941919616][task_id:__main__][test_logging.py:72][INFO][[76]sssss]
